<?xml version="1.0" encoding="UTF-8"?>
<testng-results ignored="0" total="1" passed="1" failed="0" skipped="0">
  <reporter-output>
  </reporter-output>
  <suite started-at="2021-06-20T20:00:31 IST" name="Default suite" finished-at="2021-06-20T20:00:36 IST" duration-ms="4871">
    <groups>
    </groups>
    <test started-at="2021-06-20T20:00:31 IST" name="Default test" finished-at="2021-06-20T20:00:36 IST" duration-ms="4871">
      <class name="test.TC_001">
        <test-method is-config="true" signature="launchBrowser()[pri:0, instance:test.TC_001@4e7912d8]" started-at="2021-06-20T20:00:31 IST" name="launchBrowser" finished-at="2021-06-20T20:00:35 IST" duration-ms="4152" status="PASS">
          <reporter-output>
          </reporter-output>
        </test-method> <!-- launchBrowser -->
        <test-method signature="tc001()[pri:0, instance:test.TC_001@4e7912d8]" started-at="2021-06-20T20:00:35 IST" name="tc001" finished-at="2021-06-20T20:00:35 IST" duration-ms="4" status="PASS">
          <reporter-output>
          </reporter-output>
        </test-method> <!-- tc001 -->
        <test-method is-config="true" signature="closeBrowser()[pri:0, instance:test.TC_001@4e7912d8]" started-at="2021-06-20T20:00:35 IST" name="closeBrowser" finished-at="2021-06-20T20:00:36 IST" duration-ms="680" status="PASS">
          <reporter-output>
          </reporter-output>
        </test-method> <!-- closeBrowser -->
      </class> <!-- test.TC_001 -->
    </test> <!-- Default test -->
  </suite> <!-- Default suite -->
</testng-results>
